"Start of log file."
"C:/Users/stephenc/DOCUME~1/GitHub/HALOFO~1/Assets/HOLOGR~1/HALO1~1/Ghost/DAMAGE~1.MAX"
"Starting max loading and fbx conversion"
window = undefined
"Settings units"
"Before fbx export"
"After fbx export"
"Finished max loading and fbx conversion"
"C:/Users/stephenc/DOCUME~1/GitHub/HALOFO~1/Assets/HOLOGR~1/HALO3O~1/Automag/Automag.max"
"Starting max loading and fbx conversion"
window = undefined
"Settings units"
"Before fbx export"
"After fbx export"
"Finished max loading and fbx conversion"
"C:/Users/stephenc/DOCUME~1/GitHub/HALOFO~1/Assets/HOLOGR~1/HALO3O~1/Automag/FPAUTO~1.MAX"
"Starting max loading and fbx conversion"
window = undefined
"Settings units"
"Before fbx export"
"After fbx export"
"Finished max loading and fbx conversion"
"C:/Users/stephenc/DOCUME~1/GitHub/HALOFO~1/Assets/HOLOGR~1/HALO1~1/Ghost/Ghost.max"
"Starting max loading and fbx conversion"
window = undefined
"Settings units"
"Before fbx export"
"After fbx export"
"Finished max loading and fbx conversion"
"C:/Users/stephenc/DOCUME~1/GitHub/HALOFO~1/Assets/HOLOGR~1/HALO3O~1/BRUTEP~1/BRUTEP~1.MAX"
"Starting max loading and fbx conversion"
window = undefined
"Settings units"
"Before fbx export"
"After fbx export"
"Finished max loading and fbx conversion"
"C:/Users/stephenc/DOCUME~1/GitHub/HALOFO~1/Assets/HOLOGR~1/HALO3O~1/BRUTEP~1/FPBRUT~1.MAX"
"Starting max loading and fbx conversion"
window = undefined
"Settings units"
"Before fbx export"
"After fbx export"
"Finished max loading and fbx conversion"
